============================= test session starts =============================
collecting ... collected 10 items

main.py::test_the <- src\HW4\test_all_HW4.py

main.py::test_copy <- src\HW4\test_all_HW4.py

main.py::test_sym <- src\HW4\test_all_HW4.py

main.py::test_num <- src\HW4\test_all_HW4.py

main.py::test_repCols <- src\HW4\test_all_HW4.py

main.py::test_repRows <- src\HW4\test_all_HW4.py

main.py::test_synonyms <- src\HW4\test_all_HW4.py

main.py::test_prototypes <- src\HW4\test_all_HW4.py

main.py::test_position <- src\HW4\test_all_HW4.py

main.py::test_every <- src\HW4\test_all_HW4.py

PASSED                      [ 10%]
{'dump': False, 'go': None, 'seed': 937162211, 'file': '../../etc/data/repgrid1.csv', 'p': 2}

PASSED                     [ 20%]
b4 {'a': 1, 'b': {'c': 2, 'd': [3]}}
after {'a': 1, 'b': {'c': 2, 'd': [10000]}}


PASSED                      [ 30%]


PASSED                      [ 40%]

PASSED                      [ 50%]
{'a': 'NUM', 'at': 0, 'count': 0, 'hi': 5, 'id': 2688155448512, 'lo': 1, 'm2': 13.5, 'mu': 1.75, 'n': 8, 'txt': 'Num1', 'w': 1}
{'a': 'NUM', 'at': 1, 'count': 0, 'hi': 5, 'id': 2688155448272, 'lo': 1, 'm2': 17.875, 'mu': 2.375, 'n': 8, 'txt': 'Num2', 'w': 1}
{'a': 'NUM', 'at': 2, 'count': 0, 'hi': 3, 'id': 2688155448320, 'lo': 1, 'm2': 6.000000000000001, 'mu': 1.5, 'n': 8, 'txt': 'Num3', 'w': 1}
{'a': 'NUM', 'at': 3, 'count': 0, 'hi': 5, 'id': 2688155447744, 'lo': 1, 'm2': 18.875, 'mu': 2.125, 'n': 8, 'txt': 'Num4', 'w': 1}
{'a': 'NUM', 'at': 4, 'count': 0, 'hi': 5, 'id': 2688155448128, 'lo': 1, 'm2': 14.874999999999998, 'mu': 1.8749999999999998, 'n': 8, 'txt': 'Num5', 'w': 1}
{'a': 'NUM', 'at': 5, 'count': 0, 'hi': 5, 'id': 2688155447936, 'lo': 1, 'm2': 32.0, 'mu': 3.0, 'n': 8, 'txt': 'Num6', 'w': 1}
{'a': 'NUM', 'at': 6, 'count': 0, 'hi': 5, 'id': 2688155448368, 'lo': 1, 'm2': 20.000000000000004, 'mu': 3.5, 'n': 8, 'txt': 'Num7', 'w': 1}
{'a': 'NUM', 'at': 7, 'count': 0, 'hi': 5, 'id': 2688155449088, 'lo': 2, 'm2': 10.874999999999998, 'mu': 4.125, 'n': 8, 'txt': 'Num8', 'w': 1}
{'a': 'NUM', 'at': 8, 'count': 0, 'hi': 5, 'id': 2688155448224, 'lo': 1, 'm2': 16.0, 'mu': 2.5, 'n': 8, 'txt': 'Num9', 'w': 1}
{'a': 'NUM', 'at': 9, 'count': 0, 'hi': 5, 'id': 2688155448848, 'lo': 1, 'm2': 15.875, 'mu': 2.375, 'n': 8, 'txt': 'Num10', 'w': 1}
{'a': 'SYM', 'at': 10, 'has': {}, 'id': 2688155451296, 'mode': None, 'most': 0, 'n': 0, 'txt': 'thingX'}
{'a': 'ROW', 'cells': [5, 3, 3, 1, 1, 1, 1, 3, 5, 5, 'DevelopmentTool:Application'], 'id': 2688155447840}
{'a': 'ROW', 'cells': [2, 1, 1, 5, 5, 5, 5, 5, 1, 2, 'Multimedia:Programming'], 'id': 2688155451200}
{'a': 'ROW', 'cells': [1, 3, 1, 3, 2, 5, 4, 3, 1, 1, 'CommunicationTechnology:ApplicationTechnology'], 'id': 2688155451104}
{'a': 'ROW', 'cells': [2, 1, 1, 1, 3, 5, 3, 2, 2, 2, 'HumanOrientedTool:SystemTool'], 'id': 2688155450096}
{'a': 'ROW', 'cells': [1, 5, 3, 4, 1, 1, 4, 5, 4, 4, 'ConventionalCommunication:NovelCommunication'], 'id': 2688155450000}
{'a': 'ROW', 'cells': [1, 4, 1, 1, 1, 1, 1, 5, 3, 1, 'OnlyActAsProgrammed:Semi-autonomous'], 'id': 2688155449856}
{'a': 'ROW', 'cells': [1, 1, 1, 1, 1, 1, 5, 5, 1, 1, 'ConventionalSystem:IntelligentSystem'], 'id': 2688155449760}
{'a': 'ROW', 'cells': [1, 1, 1, 1, 1, 5, 5, 5, 3, 3, 'TargetedOnInterface:TargetedOnOverallSystem'], 'id': 2688155449280}


PASSED                  [ 60%]
{'a': 'NUM', 'at': 0, 'count': 0, 'hi': 5, 'id': 2688155448320, 'lo': 1, 'm2': 27.6, 'mu': 2.8, 'n': 10, 'txt': 'DevelopmentTool:Application', 'w': 1}
{'a': 'NUM', 'at': 1, 'count': 0, 'hi': 5, 'id': 2688155447744, 'lo': 1, 'm2': 33.6, 'mu': 3.2, 'n': 10, 'txt': 'Multimedia:Programming', 'w': 1}
{'a': 'NUM', 'at': 2, 'count': 0, 'hi': 5, 'id': 2688155448128, 'lo': 1, 'm2': 18.4, 'mu': 2.4, 'n': 10, 'txt': 'CommunicationTechnology:ApplicationTechnology', 'w': 1}
{'a': 'NUM', 'at': 3, 'count': 0, 'hi': 5, 'id': 2688155447936, 'lo': 1, 'm2': 13.599999999999998, 'mu': 2.2000000000000006, 'n': 10, 'txt': 'HumanOrientedTool:SystemTool', 'w': 1}
{'a': 'NUM', 'at': 4, 'count': 0, 'hi': 5, 'id': 2688155448368, 'lo': 1, 'm2': 23.6, 'mu': 3.2, 'n': 10, 'txt': 'ConventionalCommunication:NovelCommunication', 'w': 1}
{'a': 'NUM', 'at': 5, 'count': 0, 'hi': 5, 'id': 2688155449088, 'lo': 1, 'm2': 20.9, 'mu': 1.9, 'n': 10, 'txt': 'OnlyActAsProgrammed:Semi-autonomous', 'w': -1}
{'a': 'NUM', 'at': 6, 'count': 0, 'hi': 5, 'id': 2688155448224, 'lo': 1, 'm2': 25.6, 'mu': 1.8, 'n': 10, 'txt': 'ConventionalSystem:IntelligentSystem', 'w': 1}
{'a': 'NUM', 'at': 7, 'count': 0, 'hi': 5, 'id': 2688155448848, 'lo': 1, 'm2': 30.4, 'mu': 2.5999999999999996, 'n': 10, 'txt': 'TargetedOnInterface:TargetedOnOverallSystem', 'w': 1}
{'a': 'SYM', 'at': 8, 'has': {}, 'id': 2688155451296, 'mode': None, 'most': 0, 'n': 0, 'txt': 'thingX'}
{'a': 'ROW', 'cells': [5, 2, 1, 2, 1, 1, 1, 1, 'ElectronicPublishing'], 'id': 2688155448272}
{'a': 'ROW', 'cells': [3, 1, 3, 1, 5, 4, 1, 1, 'VirtualReality'], 'id': 2688155451248}
{'a': 'ROW', 'cells': [3, 1, 1, 1, 3, 1, 1, 1, 'MultimediaAndHypermedia'], 'id': 2688155451152}
{'a': 'ROW', 'cells': [1, 5, 3, 1, 4, 1, 1, 1, 'VisualProgramming'], 'id': 2688155451056}
{'a': 'ROW', 'cells': [1, 5, 2, 3, 1, 1, 1, 1, 'CrossPlatformGUIs'], 'id': 2688155450048}
{'a': 'ROW', 'cells': [1, 5, 5, 5, 1, 1, 1, 5, 'ObjectOrientedSystems'], 'id': 2688155449904}
{'a': 'ROW', 'cells': [1, 5, 4, 3, 4, 1, 5, 5, 'KnowledgeBasedSystems'], 'id': 2688155449808}
{'a': 'ROW', 'cells': [3, 5, 3, 2, 5, 5, 5, 5, 'IntelligentAgents'], 'id': 2688155449328}
{'a': 'ROW', 'cells': [5, 1, 1, 2, 4, 3, 1, 3, 'InformationHighway'], 'id': 2688155448416}
{'a': 'ROW', 'cells': [5, 2, 1, 2, 4, 1, 1, 3, 'BroadbandNetworks'], 'id': 2688155448944}


PASSED                  [ 70%]

72.072
|.. 48.734
|.. |.. 38.73
|.. |.. |.. TargetedOnInterface:TargetedOnOverallSystem
|.. |.. |.. ConventionalSystem:IntelligentSystem
|.. |.. 41.164
|.. |.. |.. Multimedia:Programming
|.. |.. |.. CommunicationTechnology:ApplicationTechnology
|.. 67.443
|.. |.. 54.263
|.. |.. |.. DevelopmentTool:Application
|.. |.. |.. ConventionalCommunication:NovelCommunication
|.. |.. 57.009
|.. |.. |.. HumanOrientedTool:SystemTool
|.. |.. |.. OnlyActAsProgrammed:Semi-autonomous


PASSED                  [ 80%]

70.156
|.. 43.301
|.. |.. 31.869
|.. |.. |.. BroadbandNetworks
|.. |.. |.. ElectronicPublishing
|.. |.. 36.443
|.. |.. |.. VirtualReality
|.. |.. |.. 33.072
|.. |.. |.. |.. MultimediaAndHypermedia
|.. |.. |.. |.. InformationHighway
|.. 71.261
|.. |.. 47.599
|.. |.. |.. ObjectOrientedSystems
|.. |.. |.. CrossPlatformGUIs
|.. |.. 64.952
|.. |.. |.. IntelligentAgents
|.. |.. |.. 53.765
|.. |.. |.. |.. VisualProgramming
|.. |.. |.. |.. KnowledgeBasedSystems

PASSED                  [ 90%]

{  J                                         F               }
{                                                            }
{                                                            }
{        I                                                   }
{                                                            }
{  C                                                         }
{     A                                                      }
{                          E                                 }
{  B              D           G                              }
{                                                            }
{                                                            }


PASSED                  [ 100%]

70.156
|.. 43.301
|.. |.. 31.869
|.. |.. |.. BroadbandNetworks
|.. |.. |.. ElectronicPublishing
|.. |.. 36.443
|.. |.. |.. VirtualReality
|.. |.. |.. 33.072
|.. |.. |.. |.. MultimediaAndHypermedia
|.. |.. |.. |.. InformationHighway
|.. 71.261
|.. |.. 47.599
|.. |.. |.. ObjectOrientedSystems
|.. |.. |.. CrossPlatformGUIs
|.. |.. 64.952
|.. |.. |.. IntelligentAgents
|.. |.. |.. 53.765
|.. |.. |.. |.. VisualProgramming
|.. |.. |.. |.. KnowledgeBasedSystems
72.072
|.. 48.734
|.. |.. 38.73
|.. |.. |.. TargetedOnInterface:TargetedOnOverallSystem
|.. |.. |.. ConventionalSystem:IntelligentSystem
|.. |.. 41.164
|.. |.. |.. Multimedia:Programming
|.. |.. |.. CommunicationTechnology:ApplicationTechnology
|.. 67.443
|.. |.. 54.263
|.. |.. |.. DevelopmentTool:Application
|.. |.. |.. ConventionalCommunication:NovelCommunication
|.. |.. 57.009
|.. |.. |.. HumanOrientedTool:SystemTool
|.. |.. |.. OnlyActAsProgrammed:Semi-autonomous

A ElectronicPublishing
B VirtualReality
C MultimediaAndHypermedia
D VisualProgramming
E CrossPlatformGUIs
F ObjectOrientedSystems
G KnowledgeBasedSystems
H IntelligentAgents
I InformationHighway
J BroadbandNetworks

{  J                                         F               }
{                                                            }
{                                                            }
{        I                                                   }
{                                                            }
{  C                                                         }
{     A                                                      }
{                          E                                 }
{  B              D           G                              }
{                                                            }
{                                                            }

=================== 10 passed, 2 warnings in 0.32s ===================
