{'dump': False, 'go': None, 'seed': 937162211, 'bootstrap': 512, 'conf': 0.05, 'cliff': 0.4, 'cohen': 0.35, 'Fmt': '{:.2f}', 'width': 40, 'Max': 512, 'file': '/Users/harshithaparuchuri/Documents/NCSU/sem2/ASE/ASE591-HW_GP6-12/etc/data/auto93.csv'}
 20 3.607934315999349 2.942435648686891
✅ pass: num
 20000 9.913021239501747 1.4229165662445389
✅ pass: gauss
rx5 1 ------   *------    |                    ['0.10', '0.20', '0.30', '0.30', '0.40']
rx3 1   ------    *---    |                    ['0.15', '0.25', '0.35', '0.35', '0.40']
rx4 2                     |    ------    *-----['0.60', '0.70', '0.80', '0.80', '0.90']
rx1 3             --------*-----               ['0.34', '0.49', '0.51', '0.51', '0.60']
rx2 4                     |    ------    *-----['0.60', '0.70', '0.80', '0.80', '0.90']
✅ pass: five
rx3 1 -----------         *--------------------['99.00', '99.50', '100.00', '100.00', '101.00']
rx1 1 -----------         *--------------------['99.00', '99.50', '100.00', '100.00', '101.00']
rx2 2 -                   *                   -['99.00', '99.00', '100.00', '101.00', '101.00']
rx4 3 -                   *                   -['99.00', '99.00', '100.00', '101.00', '101.00']
✅ pass: six
        rx10     -*--               |                    ['8.69', '9.43', '9.93', '10.49', '11.21']
        rx6      --*-               |                    ['8.62', '9.47', '9.99', '10.54', '11.34']
        rx7      --*-               |                    ['8.77', '9.47', '10.01', '10.50', '11.32']
        rx1      --*-               |                    ['8.66', '9.49', '10.03', '10.51', '11.39']
        rx2      --*-               |                    ['8.85', '9.59', '10.12', '10.63', '11.40']
        rx3                -*-      |                    ['18.72', '19.52', '20.04', '20.52', '21.16']
        rx4                         |*-                  ['28.68', '29.46', '29.99', '30.57', '31.30']
        rx5                         |*-                  ['28.78', '29.52', '30.09', '30.59', '31.33']
        rx8                         |        -*--        ['38.71', '39.50', '40.00', '40.54', '41.32']
        rx9                         |      ---* ---      ['36.24', '38.57', '40.11', '41.68', '43.97']
✅ pass: tiles
mu      sd      cliffs  boot    both
--      --      ------  ----    ----
10.0 1 True True True
10.1 1 True True True
10.2 1 True True True
10.3 1 True True True
10.4 1 True True True
10.5 1 True False False
10.6 1 True True True
10.7 1 True False False
10.8 1 True False False
10.9 1 False False False
11.0 1 False False False
✅ pass: bootmu
                Truee True True
                False False False
                False False False
✅ pass: basic

eg3
        0.1 True False True
        0.2 True False True
        0.3 True False True
        0.4 True False True
        0.5 True False True
        0.6 True False True
        0.7 True False True
        0.8 True False True
        0.9 True False True
        1.0 True True True
✅ pass: pre
 1 rx6   -*-               |                    ['8.68', '9.44', '9.96', '10.52', '11.32']
 1 rx7   -*-               |                    ['8.68', '9.47', '10.00', '10.53', '11.35']
 1 rx1   -*-               |                    ['8.69', '9.45', '10.02', '10.56', '11.39']
 1 rx2   -*-               |                    ['8.82', '9.59', '10.05', '10.61', '11.30']
 2 rx3            -*-      |                    ['18.73', '19.48', '19.98', '20.51', '21.26']
 3 rx10   -*-               |                    ['8.77', '9.47', '9.98', '10.48', '11.35']
 4 rx9                     |     --- *---       ['36.35', '38.42', '39.97', '41.54', '43.91']
 5 rx5                     |*-                  ['28.80', '29.57', '30.10', '30.62', '31.39']
 5 rx4                     |*-                  ['28.76', '29.52', '30.05', '30.57', '31.27']
 6 rx8                     |        -*-         ['38.73', '39.50', '40.03', '40.50', '41.27']
✅ pass: scKt
 bdebb
 abdda
 bbdec
 beabe
 edbca
 aedac
 bbcad
 dbcae
 accdd
 beeaa
✅ pass: Sample
